TN:
SF:middleware\auth.js
FN:4,(anonymous_0)
FNF:1
FNH:1
FNDA:9,(anonymous_0)
DA:1,2
DA:2,2
DA:4,2
DA:5,9
DA:6,9
DA:7,0
DA:10,9
DA:11,9
DA:12,9
DA:13,9
DA:15,0
DA:19,2
LF:12
LH:10
BRDA:2,0,0,2
BRDA:2,0,1,2
BRDA:6,1,0,0
BRDA:6,1,1,9
BRF:4
BRH:3
end_of_record
TN:
SF:models\Book.js
FNF:0
FNH:0
DA:1,2
DA:3,2
DA:13,2
LF:3
LH:3
BRF:0
BRH:0
end_of_record
TN:
SF:models\Loan.js
FNF:0
FNH:0
DA:1,2
DA:3,2
DA:13,2
LF:3
LH:3
BRF:0
BRH:0
end_of_record
TN:
SF:models\Reservation.js
FNF:0
FNH:0
DA:1,2
DA:3,2
DA:10,2
LF:3
LH:3
BRF:0
BRH:0
end_of_record
TN:
SF:models\User.js
FNF:0
FNH:0
DA:1,2
DA:3,2
DA:11,2
LF:3
LH:3
BRF:0
BRH:0
end_of_record
TN:
SF:routes\bookRoutes.js
FN:10,(anonymous_0)
FN:30,(anonymous_1)
FN:42,(anonymous_2)
FN:60,(anonymous_3)
FN:110,(anonymous_4)
FN:122,(anonymous_5)
FN:136,(anonymous_6)
FN:141,(anonymous_7)
FN:156,(anonymous_8)
FN:200,(anonymous_9)
FN:212,(anonymous_10)
FN:226,(anonymous_11)
FN:233,(anonymous_12)
FNF:13
FNH:11
FNDA:0,(anonymous_0)
FNDA:0,(anonymous_1)
FNDA:2,(anonymous_2)
FNDA:3,(anonymous_3)
FNDA:1,(anonymous_4)
FNDA:1,(anonymous_5)
FNDA:1,(anonymous_6)
FNDA:1,(anonymous_7)
FNDA:2,(anonymous_8)
FNDA:1,(anonymous_9)
FNDA:1,(anonymous_10)
FNDA:1,(anonymous_11)
FNDA:1,(anonymous_12)
DA:1,2
DA:2,2
DA:3,2
DA:4,2
DA:5,2
DA:6,2
DA:7,2
DA:10,2
DA:11,0
DA:12,0
DA:18,0
DA:19,0
DA:20,0
DA:23,0
DA:25,0
DA:30,2
DA:31,0
DA:33,0
DA:34,0
DA:35,0
DA:37,0
DA:42,2
DA:43,2
DA:45,2
DA:46,2
DA:53,2
DA:55,0
DA:60,2
DA:61,3
DA:62,3
DA:64,3
DA:66,3
DA:67,3
DA:68,0
DA:70,3
DA:71,1
DA:75,2
DA:76,2
DA:77,1
DA:81,1
DA:82,1
DA:84,1
DA:91,1
DA:94,1
DA:95,1
DA:96,1
DA:99,1
DA:100,1
DA:101,1
DA:103,1
DA:105,0
DA:110,2
DA:111,1
DA:113,1
DA:114,1
DA:115,1
DA:117,0
DA:122,2
DA:123,1
DA:124,1
DA:126,1
DA:128,1
DA:129,1
DA:130,0
DA:134,1
DA:135,1
DA:136,1
DA:137,1
DA:140,1
DA:141,1
DA:142,1
DA:145,1
DA:146,1
DA:147,1
DA:149,1
DA:151,0
DA:156,2
DA:157,2
DA:158,2
DA:160,2
DA:162,2
DA:163,2
DA:164,0
DA:166,2
DA:167,1
DA:171,1
DA:172,1
DA:173,0
DA:177,1
DA:183,1
DA:186,1
DA:187,1
DA:189,1
DA:190,1
DA:191,1
DA:193,1
DA:195,0
DA:200,2
DA:201,1
DA:203,1
DA:204,1
DA:205,1
DA:207,0
DA:212,2
DA:213,1
DA:214,1
DA:216,1
DA:218,1
DA:219,1
DA:220,0
DA:224,1
DA:225,1
DA:226,1
DA:228,1
DA:231,1
DA:232,1
DA:233,1
DA:235,1
DA:238,1
DA:240,1
DA:242,0
DA:246,2
LF:122
LH:98
BRDA:67,0,0,0
BRDA:67,0,1,3
BRDA:70,1,0,1
BRDA:70,1,1,2
BRDA:76,2,0,1
BRDA:76,2,1,1
BRDA:129,3,0,0
BRDA:129,3,1,1
BRDA:163,4,0,0
BRDA:163,4,1,2
BRDA:166,5,0,1
BRDA:166,5,1,1
BRDA:172,6,0,0
BRDA:172,6,1,1
BRDA:219,7,0,0
BRDA:219,7,1,1
BRF:16
BRH:11
end_of_record
TN:
SF:routes\userRoutes.js
FN:9,(anonymous_0)
FN:42,(anonymous_1)
FNF:2
FNH:2
FNDA:15,(anonymous_0)
FNDA:3,(anonymous_1)
DA:1,2
DA:2,2
DA:3,2
DA:4,2
DA:5,2
DA:6,2
DA:9,2
DA:10,15
DA:12,15
DA:14,15
DA:15,15
DA:16,1
DA:20,14
DA:21,14
DA:24,14
DA:30,14
DA:33,13
DA:35,13
DA:37,1
DA:42,2
DA:43,3
DA:45,3
DA:47,3
DA:48,3
DA:49,1
DA:53,2
DA:54,2
DA:55,1
DA:59,1
DA:61,1
DA:63,0
DA:67,2
LF:32
LH:31
BRDA:6,0,0,2
BRDA:6,0,1,2
BRDA:15,1,0,1
BRDA:15,1,1,14
BRDA:48,2,0,1
BRDA:48,2,1,2
BRDA:54,3,0,1
BRDA:54,3,1,1
BRF:8
BRH:8
end_of_record
TN:
SF:test\setup.js
FN:8,(anonymous_0)
FN:24,(anonymous_1)
FN:31,(anonymous_2)
FNF:3
FNH:3
FNDA:2,(anonymous_0)
FNDA:2,(anonymous_1)
FNDA:17,(anonymous_2)
DA:1,2
DA:2,2
DA:3,2
DA:8,2
DA:10,2
DA:11,2
DA:14,2
DA:20,2
DA:24,2
DA:25,2
DA:26,2
DA:27,2
DA:31,2
DA:32,17
DA:33,17
DA:34,68
DA:38,2
LF:17
LH:17
BRF:0
BRH:0
end_of_record
TN:
SF:test\testApp.js
FNF:0
FNH:0
DA:1,2
DA:2,2
DA:3,2
DA:4,2
DA:6,2
DA:9,2
DA:10,2
DA:13,2
DA:14,2
DA:16,2
LF:10
LH:10
BRF:0
BRH:0
end_of_record
